---
layout: post
title: å‡çº§rubyç‰ˆæœ¬é‚£"ä¸å ªå›é¦–çš„ç»å†"
date: 2013-09-23 13:53
comments: true
categories: ç¼–ç¨‹å¼€å‘
tags: [Ruby]
---



å‰æ®µæ—¶é—´åœ¨ç©Chef-ä¸€ä¸ªITåŸºç¡€è®¾æ–½è‡ªåŠ¨åŒ–å·¥å…·ã€‚ç”±äºChefæ˜¯ç”±Rubyå†™çš„ä¸€ä¸ªgemï¼Œé‚£ä¹ˆå°±éœ€è¦å®‰è£…Rubyã€‚å½“ç„¶Rubyæˆ‘æ—©å°±å®‰è£…äº†ï¼Œå¹¶ä¸”ä½¿ç”¨rvmæ¥ç®¡ç†RubyåŠGemã€‚æœ¬æ¥ä¸€åˆ‡çœ‹ä¼¼æ­£å¸¸ï¼Œä½†æ˜¯ä¸ä¼šé¢„æ–™åé¢ä¼šé‡åˆ°é‚£ä¹ˆå¤šçš„å‘ã€‚

<!-- more -->

Chefæœ¬åœ°çš„repoåŒ…ä¸­æœ‰ä¸€ä¸ªvagrantè™šæ‹Ÿæœºçš„æ¨¡æ¿æ–‡ä»¶ï¼Œé€šè¿‡å®ƒå¯ä»¥setupä¸€ä¸ªè™šæ‹Ÿæœºï¼Œç„¶åä½¿ç”¨Chefæ¥æ“ä½œè¿™ä¸ªèŠ‚ç‚¹ã€‚é‚£ä¹ˆå°±ä½¿ç”¨vagrantå‘½ä»¤æ¥setupè¿™ä¸ªè™šæ‹ŸæœºæŠŠã€‚

```bash

$ vagrant up --no-color
Vagrant failed to initialize at a very early stage:

It appears that you've ran a newer version of Vagrant on this
computer. Unfortunately, newer versions of Vagrant change internal
directory layouts that cause older versions to break. This version
of Vagrant cannot properly run.

If you'd like to start from a clean state, please remove the
Vagrant state directory: /Users/twer/.vagrant.d

Warning that this will remove all your boxes and potentially corrupt
existing Vagrant environments that were running based on the future
version.

```

consoleä¸­è¯´Vagrantç‰ˆæœ¬æœ‰é—®é¢˜ï¼Œé‚£ä¹ˆå°±æŒ‰è¯´æ˜åˆ é™¤.vagrant.dæ–‡ä»¶å¤¹æŠŠã€‚

```bash

$ rm -rf ~/.vagrant.d/
$ vagrant up --no-color
/Users/twer/sourcecode/chef-repo/Vagrantfile:8:in `<top (required)>': undefined method `configure' for Vagrant:Module (NoMethodError)
     from /usr/local/rvm/gems/ruby-1.9.3-p194/gems/vagrant-1.0.7/lib/vagrant/config/loader.rb:115:in `load'
     from /usr/local/rvm/gems/ruby-1.9.3-p194/gems/vagrant-1.0.7/lib/vagrant/config/loader.rb:115:in `block in procs_for_source'
     from /usr/local/rvm/gems/ruby-1.9.3-p194/gems/vagrant-1.0.7/lib/vagrant/config.rb:41:in `block in capture_configures'

```

çªé‡Œä¸ªå»ï¼Œåˆå‡ºæ–°é—®é¢˜äº†ã€‚é‚£å¥½å§ï¼Œçœ‹çœ‹å½“å‰rubyçš„ç‰ˆæœ¬ã€‚

```bash

$ rvm list

rvm rubies

   ruby-1.9.2-p320 [ x86_64 ]
=* ruby-1.9.3-p194 [ x86_64 ]

# => - current
# =* - current && default
#  * - default

```

è¯•ç€å°†Rubyçš„ç‰ˆæœ¬åˆ‡æ¢åˆ°1.9.2-p320å†è¯•è¯•ã€‚

```bash

$ rvm use ruby-1.9.2-p320
Using /usr/local/rvm/gems/ruby-1.9.2-p320
$ vagrant up
Bringing machine 'default' up with 'virtualbox' provider...
[default] Setting the name of the VM...
[default] Clearing any previously set forwarded ports...
[default] Creating shared folders metadata...
[default] Clearing any previously set network interfaces...
[default] Preparing network interfaces based on configuration...
[default] Forwarding ports...
[default] -- 22 => 2222 (adapter 1)
[default] Booting VM...
[default] Waiting for VM to boot. This can take a few minutes.
[default] VM booted and ready for use!
[default] Setting hostname...
[default] Mounting shared folders...
[default] -- /vagrant

```
æå®šã€‚çœ‹æ¥é—®é¢˜æ˜¯å½“å‰ä½¿ç”¨çš„rubyçš„ç‰ˆæœ¬æœ‰é—®é¢˜ã€‚

è€æ˜¯ä½¿ç”¨æ—§ç‰ˆæœ¬ä¹Ÿä¸æ˜¯ä¸ªäº‹ï¼ŒæŠŠRubyå‡çº§åˆ°æœ€æ–°ç‰ˆæœ¬çœ‹è¿˜æœ‰è¿™ä¸ªé—®é¢˜ä¸ã€‚

```bash

$ rvm list known
# MRI Rubies
[ruby-]1.8.6[-p420]
[ruby-]1.8.7[-p374]
[ruby-]1.9.1[-p431]
[ruby-]1.9.2[-p320]
[ruby-]1.9.3[-p448]
[ruby-]2.0.0-p195
[ruby-]2.0.0[-p247]
[ruby-]2.0.0-head
ruby-head

```

çœ‹æ¥rubyçš„1.9.3å·²ç»æœ‰p448äº†ï¼Œé‚£ä¹ˆå°±å‡çº§åˆ°p448ã€‚

```bash

$ rvm install 1.9.3
Checking requirements for osx.
Installing requirements for osx.
Updating system.
Installing required packages: libksba, openssl..........
Error running 'requirements_osx_brew_libs_install gcc libksba openssl',
please read /usr/local/rvm/log/1379843991_ruby-1.9.3-p448/package_install_gcc_libksba_openssl.log
Requirements installation failed with status: 1.

```

å‡çº§å¤±è´¥ï¼Œé‚£ä¹ˆçœ‹çœ‹logã€‚

```bash

==> make bootstrap
configure: error: cannot compute suffix of object files: cannot compile
See `config.log' for more details.
make[2]: *** [configure-stage1-target-libgcc] Error 1
make[1]: *** [stage1-bubble] Error 2
make: *** [bootstrap] Error 2

READ THIS: https://github.com/mxcl/homebrew/wiki/troubleshooting

There were package installation errors, make sure to read the log.

Try `brew tap --repair` and make sure `brew doctor` looks reasonable.

```

é€šè¿‡çœ‹logæ˜¯gccç¼–è¯‘å¤±è´¥ï¼Œå¹¶ä¸”é€šè¿‡logå¯ä»¥çœ‹å‡ºrvmæ˜¯é€šè¿‡homebrewæ¥å®‰è£…å¿…å¤‡æ–‡ä»¶çš„ã€‚

é€šè¿‡ä¸€ç•ªæŸ¥èµ„æ–™åï¼Œæ‰¾åˆ°äº†è§£å†³åŠæ³•ã€‚é‚£å°±æ˜¯å°†Xcodeå‡çº§åˆ°æœ€æ–°ç‰ˆæœ¬ï¼Œç„¶ååœ¨Preferenceé‡Œé€‰æ‹©Downloadsæ ‡ç­¾ï¼Œç„¶åå®‰è£…Command Line Toolsã€‚

{% img /images/developerTools.png 600 %}


å®‰è£…å®Œæ¯•åå†ç”¨Homebrewå®‰è£…gcc49ã€‚

```bash

$ brew install gcc49
==> Downloading ftp://gcc.gnu.org/pub/gcc/snapshots/4.9-20130915/gcc-4.9-20130915.tar.bz2
Already downloaded: /Library/Caches/Homebrew/gcc49-4.9-20130915.tar.bz2
==> ../configure --build=x86_64-apple-darwin12.5.0 --prefix=/usr/local/Cellar/gcc49/4.9-20130915/gcc
==> make bootstrap
==> make install
==> Caveats
This is a snapshot of GCC trunk, which is in active development and
supposed to have bugs and should not be used in production
environment.
==> Summary
ğŸº  /usr/local/Cellar/gcc49/4.9-20130915: 977 files, 93M, built in 21.6 minutes

```

æˆåŠŸå®‰è£…GCCã€‚

ç»§ç»­å›åˆ°å®‰è£…Rubyçš„ä»»åŠ¡ä¸Šæ¥ã€‚ç”±äºåœ¨å®‰è£…Rubyå‰ä¼šå…ˆå®‰è£…å¿…å¤‡æ–‡ä»¶ï¼Œé‚£ä¹ˆå¹²è„†ç›´æ¥å…ˆå®‰è£…å¿…å¤‡æ–‡ä»¶çš„äº†ã€‚

```bash

$ rvm requirements 
Checking requirements for osx.
Installing requirements for osx.
mkdir: /usr/local/rvm/log/1379829979_ruby-1.9.3-p448: Permission denied
tee: /usr/local/rvm/log/1379829979_ruby-1.9.3-p448/update_system.log: No such file or directory
tee: /usr/local/rvm/log/1379829979_ruby-1.9.3-p448/update_system.log: No such file or directory

```

æˆ‘å‹’ä¸ªå»ï¼Œè²Œä¼¼æ˜¯æƒé™é—®é¢˜ï¼Œé‚£ä¹ˆç”¨sudoè§£å†³ã€‚

```bash

$ sudo rvm requirements

Checking requirements for osx.
Installing requirements for osx.
Updating system.
Installing required packages: libksba, openssl..........
Error running 'requirements_osx_brew_libs_install libksba openssl',
please read /usr/local/rvm/log/1379843991_ruby-1.9.3-p448/package_install_libksba_openssl.log
Requirements installation failed with status: 1.

```

åˆå¤±è´¥ï¼Œçœ‹çœ‹é”™è¯¯æ—¥å¿—å§ã€‚

```bash

current path: /Users/twer
command(3): requirements_osx_brew_libs_install libksba openssl
Error: No such keg: /usr/local/Cellar/libksba
Error: Cowardly refusing to `sudo brew install`
You can use brew with sudo, but only if the brew executable is owned by root.
However, this is both not recommended and completely unsupported so do so at
your own risk.
There were package installation errors, make sure to read the log.

Try `brew tap --repair` and make sure `brew doctor` looks reasonable.

```

çœ‹äº†æ—¥å¿—è²Œä¼¼æ˜ç™½äº†ï¼Œä½¿ç”¨brewå®‰è£…libksbaç”±äºåŠ äº†sudoæ‰€ä»¥å‡ºé—®é¢˜äº†ã€‚é‚£ä¹ˆç›´æ¥åœ¨å‘½ä»¤è¡Œä½¿ç”¨sudoè¯•è¯•ã€‚

```bash

$ sudo brew install libksba
Error: Cowardly refusing to `sudo brew install`
You can use brew with sudo, but only if the brew executable is owned by root.
However, this is both not recommended and completely unsupported so do so at
your own risk.

```

çªé‡Œä¸ªå»ï¼Œä¸ä½¿ç”¨sudoå§rvm requirementsæ‰§è¡Œä¸æˆåŠŸã€‚åŠ ä¸Šsudoå§rvm requirementsè°ƒç”¨çš„brew installåˆä¸è¡Œã€‚å¥½å§ï¼Œå°±æŒ‰ä¸Šé¢è¯´çš„å°†brewè½¬æ¢åˆ°rootæ¨¡å¼ã€‚

```bash

ls -al /usr/local/bin/brew
-rwxr-xr-x  1 twer  admin  703 Mar 14  2013 /usr/local/bin/brew
$ sudo chown root:admin /usr/local/bin/brew
Password:
$ ls -al /usr/local/bin/brew
-rwxr-xr-x  1 root  admin  703 Mar 14  2013 /usr/local/bin/brew

```

OKã€‚å†æ‰§è¡Œå§ã€‚

```bash

$ sudo rvm requirements
Password:
Checking requirements for osx.
Certificates in '/usr/local/etc/openssl/cert.pem' already are up to date.
Requirements installation successful.

```

æå®šã€‚æŠŠbrewå†åˆ‡æ¢åˆ°åŸæ¥çš„ç”¨æˆ·å’Œç»„ã€‚

```bash

$ sudo chown twer:admin /usr/local/bin/brew

```

ç»•äº†ä¸€å¤§åœˆäº†ç»ˆäºå¯ä»¥å®‰è£…Rubyäº†ã€‚

```bash

$ rvm install 1.9.3
Searching for binary rubies, this might take some time.
No binary rubies available for: osx/10.8/x86_64/ruby-1.9.3-p448.
Continuing with compilation. Please read 'rvm help mount' to get more information on binary rubies.
Checking requirements for osx.
Certificates in '/usr/local/etc/openssl/cert.pem' already are up to date.
Requirements installation successful.
Installing Ruby from source to: /usr/local/rvm/rubies/ruby-1.9.3-p448, this may take a while depending on your cpu(s)...
ruby-1.9.3-p448 - #downloading ruby-1.9.3-p448, this may take a while depending on your connection...
  % Total    % Received % Xferd  Average Speed   Time    Time     Time  Current
                                 Dload  Upload   Total   Spent    Left  Speed
  0     0    0     0    0     0      0      0 --:--:--  0:00:02 --:--:--     0Warning: Failed to create the file ruby-1.9.3-p448.tar.bz2: Permission denied
  0 9816k    0   745    0     0    320      0  8:43:34  0:00:02  8:43:32  2623
curl: (23) Failed writing body (0 != 745)
There was an error(23).
Checking fallback: http://ftp.ruby-lang.org/pub/ruby/1.9/ruby-1.9.3-p448.tar.bz2
  % Total    % Received % Xferd  Average Speed   Time    Time     Time  Current
                                 Dload  Upload   Total   Spent    Left  Speed
  0     0    0     0    0     0      0      0 --:--:-- --:--:-- --:--:--     0Warning: Failed to create the file ruby-1.9.3-p448.tar.bz2: Permission denied
  0 9816k    0  3329    0     0   4578      0  0:36:35 --:--:--  0:36:35  8853
curl: (23) Failed writing body (0 != 3329)
There was an error(23).
Failed download
There has been an error fetching the ruby interpreter. Halting the installation.

```

åˆæœ‰é”™ã€‚èµ°åˆ°è¿™æ­¥ä¸Šäº†ï¼Œç»§ç»­è§£å†³å§ã€‚ç»è¿‡åˆ†æè²Œä¼¼æ˜¯ä¸‹è½½æ–‡ä»¶æœ‰é—®é¢˜ï¼Œå¯èƒ½åˆæ˜¯æƒé™é—®é¢˜ã€‚

```bash

sudo rvm install 1.9.3
Password:
Searching for binary rubies, this might take some time.
No binary rubies available for: osx/10.8/x86_64/ruby-1.9.3-p448.
Continuing with compilation. Please read 'rvm help mount' to get more information on binary rubies.
Checking requirements for osx.
Certificates in '/usr/local/etc/openssl/cert.pem' already are up to date.
Requirements installation successful.
Installing Ruby from source to: /usr/local/rvm/rubies/ruby-1.9.3-p448, this may take a while depending on your cpu(s)...
ruby-1.9.3-p448 - #downloading ruby-1.9.3-p448, this may take a while depending on your connection...
  % Total    % Received % Xferd  Average Speed   Time    Time     Time  Current
                                 Dload  Upload   Total   Spent    Left  Speed
100 9816k  100 9816k    0     0   422k      0  0:00:23  0:00:23 --:--:--  154k
ruby-1.9.3-p448 - #extracting ruby-1.9.3-p448 to /usr/local/rvm/src/ruby-1.9.3-p448
ruby-1.9.3-p448 - #extracted to /usr/local/rvm/src/ruby-1.9.3-p448
ruby-1.9.3-p448 - #configuring...............................................................................................................................................................................................................................................................................................................................................................................................................................................................................
ruby-1.9.3-p448 - #post-configuration
ruby-1.9.3-p448 - #compiling...............................................................................................................................................................................................................................................................................................................................................................................................................................................................................................................................................................................................
ruby-1.9.3-p448 - #installing.........................................................................................................
curl: (35) Unknown SSL protocol error in connection to rubygems.org:443
There was an error while trying to resolve rubygems version for 'latest'.
Halting the installation.

```

å‰é¢é‚£ä¸ªé”™æ²¡äº†ï¼Œä½†æ˜¯æ–°æ¥äº†ä¸€ä¸ªé”™ã€‚è²Œä¼¼æ˜¯sshåˆ°rubygems.orgç½‘ç«™æœ‰é—®é¢˜ï¼Œçªç„¶æƒ³èµ·åœ¨rvm requirementsæ—¶å®‰è£…äº†opensslï¼Œåº”è¯¥æ˜¯sslè®¾ç½®çš„é—®é¢˜ã€‚ä»ç½‘ä¸ŠæŸ¥äº†ä¸‹ï¼Œè²Œä¼¼è¦é‡ç½®macportã€‚
```bash

$ sudo rm -rf /opt/local

$ sudo rm -rf $rvm_path/usr
$ sudo rm -rf $rvm_path/bin/port
sudo: cannot get working directory
$ sudo rvm autolibs homebrew

```

æœ€åï¼Œå†é‡æ–°å®‰è£…Rubyã€‚

```bash

$ sudo rvm reinstall 1.9.3
Removing /usr/local/rvm/src/ruby-1.9.3-p448...
Removing /usr/local/rvm/rubies/ruby-1.9.3-p448...
Searching for binary rubies, this might take some time.
No binary rubies available for: osx/10.8/x86_64/ruby-1.9.3-p448.
Continuing with compilation. Please read 'rvm help mount' to get more information on binary rubies.
Checking requirements for osx_brew.
Certificates in '/usr/local/etc/openssl/cert.pem' already are up to date.
Requirements installation successful.
Installing Ruby from source to: /usr/local/rvm/rubies/ruby-1.9.3-p448, this may take a while depending on your cpu(s)...
ruby-1.9.3-p448 - #downloading ruby-1.9.3-p448, this may take a while depending on your connection...
ruby-1.9.3-p448 - #extracting ruby-1.9.3-p448 to /usr/local/rvm/src/ruby-1.9.3-p448
ruby-1.9.3-p448 - #extracted to /usr/local/rvm/src/ruby-1.9.3-p448
ruby-1.9.3-p448 - #configuring...............................................................................................................................................................................................................................................................................................................................................................................................................................................................................
ruby-1.9.3-p448 - #post-configuration
ruby-1.9.3-p448 - #compiling...............................................................................................................................................................................................................................................................................................................................................................................................................................................................................................................................................................................................
ruby-1.9.3-p448 - #installing.........................................................................................................
Retrieving rubygems-2.1.4
  % Total    % Received % Xferd  Average Speed   Time    Time     Time  Current
                                 Dload  Upload   Total   Spent    Left  Speed
100  356k  100  356k    0     0  11672      0  0:00:31  0:00:31 --:--:-- 20611
Extracting rubygems-2.1.4 ...
Removing old Rubygems files...
$LANG was empty, setting up LANG=en_US, if it fails again try setting LANG to something sane and try again.
Installing rubygems-2.1.4 for ruby-1.9.3-p448............................................................................................................................................
Installation of rubygems completed successfully.
Saving wrappers to '/usr/local/rvm/wrappers/ruby-1.9.3-p448'........

ruby-1.9.3-p448 - #adjusting #shebangs for (gem irb erb ri rdoc testrb rake).
ruby-1.9.3-p448 - #importing default gemsets, this may take time.......................
Install of ruby-1.9.3-p448 - #complete
Making gemset ruby-1.9.3-p448 pristine....
Making gemset ruby-1.9.3-p448@global pristine....

```

ç»ˆäºå®‰è£…ä¸Šäº†ã€‚

```bash

$ rvm list

rvm rubies

   ruby-1.9.2-p320 [ x86_64 ]
 * ruby-1.9.3-p194 [ x86_64 ]
=> ruby-1.9.3-p448 [ x86_64 ]

# => - current
# =* - current && default
#  * - default

$ rvm use ruby-1.9.3-p448
$ rvm list

rvm rubies

   ruby-1.9.2-p320 [ x86_64 ]
 * ruby-1.9.3-p194 [ x86_64 ]
=> ruby-1.9.3-p448 [ x86_64 ]

# => - current
# =* - current && default
#  * - default

$ vagrant up
Bringing machine 'default' up with 'virtualbox' provider...
[default] VirtualBox VM is already running.

```

ç»ˆäºå°†Rubyå‡çº§åˆ°1.9.3-p448äº†ã€‚å›é¡¾è¿™æ•´ä¸ªè¿‡ç¨‹ï¼Œéƒ½æ˜¯æ³ªå•Šã€‚æœ¬æ¥æ˜¯æƒ³è£…ä¸ªè™šæ‹Ÿæœºç©ç©ï¼Œå“ªæƒ³åˆ°æƒ¹å‡ºè¿™ä¹ˆå¤šäº‹æƒ…æ¥ã€‚ä¸è¿‡å¥½æ­¹é—®é¢˜æ˜¯è§£å†³äº†ã€‚






